Files already downloaded and verified
Files already downloaded and verified

Epoch: 1/200
train loss is 4802.121101
test acc is 41.380000, Adversarial Examples acc is 31.330000
This epoch's AE acc is better, Saving...
FreeAT training time is 180.429893

Epoch: 2/200
train loss is 3763.841195
test acc is 53.910000, Adversarial Examples acc is 39.490000
This epoch's AE acc is better, Saving...
FreeAT training time is 361.311665

Epoch: 3/200
train loss is 3353.259766
test acc is 49.910000, Adversarial Examples acc is 35.610000
FreeAT training time is 542.132631

Epoch: 4/200
train loss is 3112.182019
test acc is 54.140000, Adversarial Examples acc is 37.500000
FreeAT training time is 722.750755

Epoch: 5/200
train loss is 2928.571396
test acc is 52.600000, Adversarial Examples acc is 39.990000
This epoch's AE acc is better, Saving...
FreeAT training time is 904.162081

Epoch: 6/200
train loss is 2820.678603
test acc is 50.860000, Adversarial Examples acc is 34.860000
FreeAT training time is 1084.582490

Epoch: 7/200
train loss is 2735.912583
test acc is 58.840000, Adversarial Examples acc is 39.890000
FreeAT training time is 1264.983732

Epoch: 8/200
train loss is 2691.743743
test acc is 54.050000, Adversarial Examples acc is 36.260000
FreeAT training time is 1445.119086

Epoch: 9/200
train loss is 2652.772431
test acc is 60.910000, Adversarial Examples acc is 42.950000
This epoch's AE acc is better, Saving...
FreeAT training time is 1625.422845

Epoch: 10/200
train loss is 2610.789465
test acc is 49.940000, Adversarial Examples acc is 33.740000
FreeAT training time is 1808.512195

Epoch: 11/200
train loss is 2581.022544
test acc is 50.460000, Adversarial Examples acc is 34.200000
FreeAT training time is 1988.507097

Epoch: 12/200
train loss is 2558.834177
test acc is 65.440000, Adversarial Examples acc is 47.450000
This epoch's AE acc is better, Saving...
FreeAT training time is 2168.406761

Epoch: 13/200
train loss is 2542.214869
test acc is 56.030000, Adversarial Examples acc is 39.650000
FreeAT training time is 2348.255999

Epoch: 14/200
train loss is 2550.158661
test acc is 49.460000, Adversarial Examples acc is 32.320000
FreeAT training time is 2528.008826

Epoch: 15/200
train loss is 2538.481269
test acc is 60.080000, Adversarial Examples acc is 42.520000
FreeAT training time is 2709.147781

Epoch: 16/200
train loss is 2519.557489
test acc is 57.730000, Adversarial Examples acc is 39.710000
FreeAT training time is 2889.841251

Epoch: 17/200
train loss is 2517.563905
test acc is 57.090000, Adversarial Examples acc is 39.190000
FreeAT training time is 3069.576781

Epoch: 18/200
train loss is 2530.431913
test acc is 54.140000, Adversarial Examples acc is 34.920000
FreeAT training time is 3249.249780

Epoch: 19/200
train loss is 2523.415847
test acc is 61.120000, Adversarial Examples acc is 43.120000
FreeAT training time is 3429.239769

Epoch: 20/200
train loss is 2507.116835
test acc is 50.690000, Adversarial Examples acc is 34.910000
FreeAT training time is 3608.967227

Epoch: 21/200
train loss is 2500.541878
test acc is 56.860000, Adversarial Examples acc is 39.350000
FreeAT training time is 3788.612136

Epoch: 22/200
train loss is 2509.305972
test acc is 62.250000, Adversarial Examples acc is 43.860000
FreeAT training time is 3968.792836

Epoch: 23/200
train loss is 2509.600373
test acc is 56.650000, Adversarial Examples acc is 38.110000
FreeAT training time is 4149.672933

Epoch: 24/200
train loss is 2502.457226
test acc is 56.770000, Adversarial Examples acc is 38.000000
FreeAT training time is 4329.953092

Epoch: 25/200
train loss is 2498.051321
test acc is 53.510000, Adversarial Examples acc is 38.220000
FreeAT training time is 4510.661029

Epoch: 26/200
train loss is 2498.214209
test acc is 56.450000, Adversarial Examples acc is 38.260000
FreeAT training time is 4690.469266

Epoch: 27/200
train loss is 2502.661770
test acc is 53.470000, Adversarial Examples acc is 38.990000
FreeAT training time is 4869.973936

Epoch: 28/200
train loss is 2506.383932
test acc is 60.140000, Adversarial Examples acc is 42.670000
FreeAT training time is 5050.526196
