Files already downloaded and verified
Files already downloaded and verified

Epoch: 1/200
train loss is 937.570896
test acc is 28.200000, Adversarial Examples acc is 23.460000
This epoch's AE acc is better, Saving...
forget acc is 27.172000, cur acc is 27.172000

Epoch: 2/200
train loss is 681.959718
test acc is 45.590000, Adversarial Examples acc is 35.970000
This epoch's AE acc is better, Saving...
forget acc is 45.498000, cur acc is 42.532000

Epoch: 3/200
train loss is 609.339646
test acc is 50.600000, Adversarial Examples acc is 40.400000
This epoch's AE acc is better, Saving...
forget acc is 53.266000, cur acc is 49.414000

Epoch: 4/200
train loss is 555.991124
test acc is 54.840000, Adversarial Examples acc is 43.250000
This epoch's AE acc is better, Saving...
forget acc is 58.036000, cur acc is 53.202000

Epoch: 5/200
train loss is 509.171764
test acc is 61.290000, Adversarial Examples acc is 48.110000
This epoch's AE acc is better, Saving...
forget acc is 65.652000, cur acc is 59.800000
This epoch's training time is 654.814153 s

Epoch: 6/200
train loss is 468.015540
test acc is 62.020000, Adversarial Examples acc is 49.240000
This epoch's AE acc is better, Saving...
forget acc is 67.424000, cur acc is 62.024000

Epoch: 7/200
train loss is 433.229830
test acc is 66.110000, Adversarial Examples acc is 52.830000
This epoch's AE acc is better, Saving...
forget acc is 72.174000, cur acc is 66.348000

Epoch: 8/200
train loss is 403.907799
test acc is 65.110000, Adversarial Examples acc is 51.330000
forget acc is 74.110000, cur acc is 68.422000

Epoch: 9/200
train loss is 377.701527
test acc is 72.110000, Adversarial Examples acc is 58.000000
This epoch's AE acc is better, Saving...
forget acc is 78.630000, cur acc is 72.854000

Epoch: 10/200
train loss is 350.657285
test acc is 73.400000, Adversarial Examples acc is 60.050000
This epoch's AE acc is better, Saving...
forget acc is 80.012000, cur acc is 74.854000
This epoch's training time is 466.860630 s
VanillaPGD training time is 82.989366 min

Epoch: 11/200
train loss is 325.205539
test acc is 74.580000, Adversarial Examples acc is 60.930000
This epoch's AE acc is better, Saving...
forget acc is 81.754000, cur acc is 76.854000

Epoch: 12/200
train loss is 304.770722
test acc is 73.900000, Adversarial Examples acc is 59.340000
forget acc is 84.268000, cur acc is 79.244000

Epoch: 13/200
train loss is 290.338901
test acc is 76.690000, Adversarial Examples acc is 62.350000
This epoch's AE acc is better, Saving...
forget acc is 85.816000, cur acc is 81.194000

Epoch: 14/200
train loss is 274.027612
test acc is 77.130000, Adversarial Examples acc is 61.970000
forget acc is 87.414000, cur acc is 82.862000

Epoch: 15/200
train loss is 264.228728
test acc is 77.490000, Adversarial Examples acc is 62.860000
This epoch's AE acc is better, Saving...
forget acc is 89.428000, cur acc is 85.324000
This epoch's training time is 471.222065 s

Epoch: 16/200
train loss is 250.012878
test acc is 77.970000, Adversarial Examples acc is 62.900000
This epoch's AE acc is better, Saving...
forget acc is 90.056000, cur acc is 86.294000

Epoch: 17/200
train loss is 238.893256
test acc is 78.560000, Adversarial Examples acc is 63.160000
This epoch's AE acc is better, Saving...
forget acc is 90.790000, cur acc is 87.128000

Epoch: 18/200
train loss is 230.131573
test acc is 79.780000, Adversarial Examples acc is 64.490000
This epoch's AE acc is better, Saving...
forget acc is 92.952000, cur acc is 89.602000

Epoch: 19/200
train loss is 218.291941
test acc is 77.010000, Adversarial Examples acc is 62.540000
forget acc is 92.260000, cur acc is 88.966000

Epoch: 20/200
train loss is 212.353087
test acc is 78.110000, Adversarial Examples acc is 61.680000
forget acc is 93.516000, cur acc is 90.414000
This epoch's training time is 465.735411 s
VanillaPGD training time is 161.013970 min

Epoch: 21/200
train loss is 203.946299
test acc is 77.320000, Adversarial Examples acc is 63.040000
forget acc is 92.326000, cur acc is 89.352000

Epoch: 22/200
train loss is 198.079656
test acc is 79.260000, Adversarial Examples acc is 63.920000
forget acc is 94.468000, cur acc is 91.664000

Epoch: 23/200
train loss is 191.191158
test acc is 78.960000, Adversarial Examples acc is 63.350000
forget acc is 93.548000, cur acc is 90.878000

Epoch: 24/200
train loss is 185.594555
test acc is 78.400000, Adversarial Examples acc is 61.400000
forget acc is 93.328000, cur acc is 90.632000

Epoch: 25/200
train loss is 181.271983
test acc is 79.590000, Adversarial Examples acc is 63.240000
forget acc is 94.688000, cur acc is 92.258000
This epoch's training time is 466.384743 s

Epoch: 26/200
train loss is 172.534694
test acc is 80.700000, Adversarial Examples acc is 63.790000
forget acc is 96.418000, cur acc is 94.376000

Epoch: 27/200
train loss is 169.574565
test acc is 80.030000, Adversarial Examples acc is 63.490000
forget acc is 96.572000, cur acc is 94.600000

Epoch: 28/200
train loss is 167.173028
test acc is 80.000000, Adversarial Examples acc is 64.400000
forget acc is 96.172000, cur acc is 94.260000

Epoch: 29/200
train loss is 161.325376
test acc is 80.310000, Adversarial Examples acc is 63.750000
forget acc is 96.808000, cur acc is 95.000000

Epoch: 30/200
train loss is 158.954965
test acc is 80.530000, Adversarial Examples acc is 64.810000
This epoch's AE acc is better, Saving...
forget acc is 96.444000, cur acc is 94.710000
This epoch's training time is 553.672395 s
VanillaPGD training time is 243.731365 min

Epoch: 31/200
train loss is 154.192098
test acc is 80.590000, Adversarial Examples acc is 64.360000
forget acc is 97.288000, cur acc is 95.688000

Epoch: 32/200
train loss is 150.285338
test acc is 80.300000, Adversarial Examples acc is 62.870000
forget acc is 96.980000, cur acc is 95.400000

Epoch: 33/200
train loss is 150.125014
test acc is 79.980000, Adversarial Examples acc is 63.720000
forget acc is 96.586000, cur acc is 94.866000

Epoch: 34/200
train loss is 144.952498
test acc is 80.330000, Adversarial Examples acc is 63.530000
forget acc is 97.528000, cur acc is 96.070000

Epoch: 35/200
train loss is 146.343301
test acc is 81.300000, Adversarial Examples acc is 63.560000
forget acc is 97.526000, cur acc is 96.132000
This epoch's training time is 553.567116 s

Epoch: 36/200
train loss is 140.745126
test acc is 78.830000, Adversarial Examples acc is 62.420000
forget acc is 97.316000, cur acc is 95.844000

Epoch: 37/200
train loss is 141.624830
test acc is 78.250000, Adversarial Examples acc is 63.020000
forget acc is 96.646000, cur acc is 95.218000

Epoch: 38/200
train loss is 136.941952
test acc is 79.640000, Adversarial Examples acc is 62.110000
forget acc is 97.556000, cur acc is 96.238000

Epoch: 39/200
train loss is 134.482126
test acc is 78.700000, Adversarial Examples acc is 61.610000
forget acc is 97.012000, cur acc is 95.454000

Epoch: 40/200
train loss is 136.715963
test acc is 79.820000, Adversarial Examples acc is 63.890000
forget acc is 97.370000, cur acc is 95.990000
This epoch's training time is 533.637141 s
VanillaPGD training time is 335.313198 min

Epoch: 41/200
train loss is 133.127809
test acc is 77.420000, Adversarial Examples acc is 61.780000
forget acc is 97.366000, cur acc is 96.016000

Epoch: 42/200
train loss is 130.960673
test acc is 78.080000, Adversarial Examples acc is 61.690000
forget acc is 97.810000, cur acc is 96.570000

Epoch: 43/200
train loss is 131.074985
test acc is 79.340000, Adversarial Examples acc is 63.010000
forget acc is 97.590000, cur acc is 96.288000

Epoch: 44/200
train loss is 130.227205
test acc is 80.860000, Adversarial Examples acc is 63.920000
forget acc is 97.636000, cur acc is 96.518000

Epoch: 45/200
train loss is 129.185320
test acc is 79.390000, Adversarial Examples acc is 61.990000
forget acc is 97.054000, cur acc is 95.772000
This epoch's training time is 563.839103 s

Epoch: 46/200
train loss is 129.253310
test acc is 79.420000, Adversarial Examples acc is 62.210000
forget acc is 98.066000, cur acc is 96.992000

Epoch: 47/200
train loss is 128.352226
test acc is 80.850000, Adversarial Examples acc is 63.860000
forget acc is 98.650000, cur acc is 97.740000

Epoch: 48/200
train loss is 125.020238
test acc is 80.310000, Adversarial Examples acc is 63.390000
forget acc is 98.070000, cur acc is 97.044000

Epoch: 49/200
train loss is 124.608713
test acc is 80.340000, Adversarial Examples acc is 64.120000
forget acc is 98.320000, cur acc is 97.316000

Epoch: 50/200
train loss is 124.411376
test acc is 79.440000, Adversarial Examples acc is 61.870000
forget acc is 97.540000, cur acc is 96.354000
This epoch's training time is 538.440829 s
VanillaPGD training time is 426.323039 min

Epoch: 51/200
train loss is 128.625205
test acc is 80.810000, Adversarial Examples acc is 63.440000
forget acc is 98.380000, cur acc is 97.528000

Epoch: 52/200
train loss is 123.176481
test acc is 80.140000, Adversarial Examples acc is 63.490000
forget acc is 98.570000, cur acc is 97.690000

Epoch: 53/200
train loss is 121.560912
test acc is 76.940000, Adversarial Examples acc is 59.390000
forget acc is 97.304000, cur acc is 96.216000

Epoch: 54/200
train loss is 122.571847
test acc is 80.350000, Adversarial Examples acc is 64.140000
forget acc is 98.534000, cur acc is 97.696000

Epoch: 55/200
train loss is 120.401549
test acc is 79.160000, Adversarial Examples acc is 61.760000
forget acc is 98.254000, cur acc is 97.426000
This epoch's training time is 564.426634 s

Epoch: 56/200
train loss is 121.623945
test acc is 79.180000, Adversarial Examples acc is 62.580000
forget acc is 98.316000, cur acc is 97.426000

Epoch: 57/200
train loss is 119.404946
test acc is 77.850000, Adversarial Examples acc is 61.590000
forget acc is 97.998000, cur acc is 97.042000

Epoch: 58/200
train loss is 120.409076
test acc is 79.980000, Adversarial Examples acc is 63.660000
forget acc is 98.216000, cur acc is 97.290000

Epoch: 59/200
train loss is 120.998002
test acc is 78.580000, Adversarial Examples acc is 60.630000
forget acc is 97.076000, cur acc is 95.728000

Epoch: 60/200
train loss is 118.975061
test acc is 78.320000, Adversarial Examples acc is 61.260000
forget acc is 97.606000, cur acc is 96.622000
This epoch's training time is 537.082239 s
VanillaPGD training time is 517.328605 min

Epoch: 61/200
train loss is 118.055911
test acc is 80.020000, Adversarial Examples acc is 62.620000
forget acc is 98.262000, cur acc is 97.290000

Epoch: 62/200
train loss is 117.094860
test acc is 81.510000, Adversarial Examples acc is 64.740000
forget acc is 98.524000, cur acc is 97.784000

Epoch: 63/200
train loss is 116.058192
test acc is 80.300000, Adversarial Examples acc is 63.040000
forget acc is 98.702000, cur acc is 97.904000

Epoch: 64/200
train loss is 117.027515
test acc is 81.070000, Adversarial Examples acc is 64.630000
forget acc is 98.630000, cur acc is 97.906000

Epoch: 65/200
train loss is 114.521639
test acc is 79.440000, Adversarial Examples acc is 63.060000
forget acc is 98.036000, cur acc is 97.160000
This epoch's training time is 564.034880 s

Epoch: 66/200
train loss is 114.088136
test acc is 78.950000, Adversarial Examples acc is 61.980000
forget acc is 98.164000, cur acc is 97.374000

Epoch: 67/200
train loss is 116.126801
test acc is 79.530000, Adversarial Examples acc is 62.720000
forget acc is 98.386000, cur acc is 97.608000

Epoch: 68/200
train loss is 114.804834
test acc is 79.830000, Adversarial Examples acc is 62.400000
forget acc is 97.848000, cur acc is 96.970000

Epoch: 69/200
train loss is 115.439077
test acc is 78.790000, Adversarial Examples acc is 62.250000
forget acc is 98.270000, cur acc is 97.414000

Epoch: 70/200
train loss is 113.955493
test acc is 80.070000, Adversarial Examples acc is 63.020000
forget acc is 98.392000, cur acc is 97.478000
This epoch's training time is 538.438254 s
VanillaPGD training time is 608.287604 min

Epoch: 71/200
train loss is 116.160938
test acc is 80.950000, Adversarial Examples acc is 63.650000
forget acc is 99.000000, cur acc is 98.316000

Epoch: 72/200
train loss is 113.131536
test acc is 81.060000, Adversarial Examples acc is 64.390000
forget acc is 98.522000, cur acc is 97.870000

Epoch: 73/200
train loss is 113.876251
test acc is 77.400000, Adversarial Examples acc is 60.480000
forget acc is 97.724000, cur acc is 96.782000

Epoch: 74/200
train loss is 112.799485
test acc is 78.430000, Adversarial Examples acc is 61.680000
forget acc is 98.090000, cur acc is 97.156000

Epoch: 75/200
train loss is 112.884959
test acc is 80.540000, Adversarial Examples acc is 63.760000
forget acc is 98.894000, cur acc is 98.238000
This epoch's training time is 563.750273 s

Epoch: 76/200
train loss is 115.718610
test acc is 79.040000, Adversarial Examples acc is 62.300000
forget acc is 98.276000, cur acc is 97.396000

Epoch: 77/200
train loss is 111.863494
test acc is 80.350000, Adversarial Examples acc is 62.980000
forget acc is 98.318000, cur acc is 97.494000

Epoch: 78/200
train loss is 112.832798
test acc is 77.890000, Adversarial Examples acc is 61.400000
forget acc is 97.782000, cur acc is 96.780000

Epoch: 79/200
train loss is 110.248194
test acc is 78.380000, Adversarial Examples acc is 62.750000
forget acc is 98.404000, cur acc is 97.674000

Epoch: 80/200
train loss is 107.984944
test acc is 78.950000, Adversarial Examples acc is 62.820000
forget acc is 98.162000, cur acc is 97.444000
This epoch's training time is 537.894661 s
VanillaPGD training time is 699.225543 min

Epoch: 81/200
train loss is 110.590462
test acc is 77.960000, Adversarial Examples acc is 61.850000
forget acc is 98.638000, cur acc is 97.934000

Epoch: 82/200
train loss is 109.936248
test acc is 79.120000, Adversarial Examples acc is 62.600000
forget acc is 98.676000, cur acc is 98.032000

Epoch: 83/200
train loss is 108.504361
test acc is 79.800000, Adversarial Examples acc is 62.450000
forget acc is 98.654000, cur acc is 98.052000

Epoch: 84/200
train loss is 110.941451
test acc is 80.150000, Adversarial Examples acc is 63.880000
forget acc is 98.594000, cur acc is 97.990000

Epoch: 85/200
train loss is 109.031349
test acc is 79.380000, Adversarial Examples acc is 63.060000
forget acc is 98.416000, cur acc is 97.640000
This epoch's training time is 564.378076 s

Epoch: 86/200
train loss is 108.418100
test acc is 79.030000, Adversarial Examples acc is 61.830000
forget acc is 98.656000, cur acc is 97.954000

Epoch: 87/200
train loss is 111.929757
test acc is 81.220000, Adversarial Examples acc is 64.030000
forget acc is 98.772000, cur acc is 98.162000

Epoch: 88/200
train loss is 110.207052
test acc is 79.680000, Adversarial Examples acc is 62.850000
forget acc is 97.992000, cur acc is 97.150000

Epoch: 89/200
train loss is 108.784537
test acc is 78.150000, Adversarial Examples acc is 61.890000
forget acc is 97.902000, cur acc is 97.014000

Epoch: 90/200
train loss is 107.878079
test acc is 80.950000, Adversarial Examples acc is 64.290000
forget acc is 98.718000, cur acc is 98.020000
This epoch's training time is 538.269498 s
VanillaPGD training time is 790.284572 min

Epoch: 91/200
train loss is 108.013678
test acc is 79.520000, Adversarial Examples acc is 62.680000
forget acc is 98.702000, cur acc is 98.016000

Epoch: 92/200
train loss is 107.994958
test acc is 79.390000, Adversarial Examples acc is 62.370000
forget acc is 98.756000, cur acc is 98.134000

Epoch: 93/200
train loss is 110.212365
test acc is 78.510000, Adversarial Examples acc is 61.370000
forget acc is 98.334000, cur acc is 97.618000

Epoch: 94/200
train loss is 106.697596
test acc is 78.870000, Adversarial Examples acc is 62.580000
forget acc is 98.548000, cur acc is 97.884000

Epoch: 95/200
train loss is 107.060498
test acc is 77.880000, Adversarial Examples acc is 59.660000
forget acc is 97.852000, cur acc is 97.092000
This epoch's training time is 564.174178 s

Epoch: 96/200
train loss is 108.158525
test acc is 78.300000, Adversarial Examples acc is 61.820000
forget acc is 98.552000, cur acc is 97.886000

Epoch: 97/200
train loss is 107.608542
test acc is 78.410000, Adversarial Examples acc is 61.670000
forget acc is 97.890000, cur acc is 97.090000

Epoch: 98/200
train loss is 108.117515
test acc is 78.600000, Adversarial Examples acc is 61.980000
forget acc is 98.528000, cur acc is 97.874000

Epoch: 99/200
train loss is 107.980567
test acc is 79.570000, Adversarial Examples acc is 62.750000
forget acc is 98.740000, cur acc is 98.078000

Epoch: 100/200
train loss is 105.255741
test acc is 80.160000, Adversarial Examples acc is 62.710000
forget acc is 98.596000, cur acc is 97.948000
This epoch's training time is 532.220937 s
VanillaPGD training time is 881.145042 min

Epoch: 101/200
train loss is 104.745831
test acc is 78.930000, Adversarial Examples acc is 62.300000
forget acc is 98.996000, cur acc is 98.354000

Epoch: 102/200
train loss is 104.429874
test acc is 79.370000, Adversarial Examples acc is 62.420000
forget acc is 98.572000, cur acc is 97.924000

Epoch: 103/200
train loss is 106.376703
test acc is 79.840000, Adversarial Examples acc is 63.080000
forget acc is 98.476000, cur acc is 97.898000

Epoch: 104/200
train loss is 106.091292
test acc is 77.820000, Adversarial Examples acc is 59.980000
forget acc is 98.238000, cur acc is 97.506000

Epoch: 105/200
train loss is 106.170268
test acc is 79.260000, Adversarial Examples acc is 63.580000
forget acc is 98.536000, cur acc is 97.922000
This epoch's training time is 541.595203 s

Epoch: 106/200
train loss is 105.490220
test acc is 78.140000, Adversarial Examples acc is 62.020000
forget acc is 98.004000, cur acc is 97.122000

Epoch: 107/200
train loss is 103.296976
test acc is 78.600000, Adversarial Examples acc is 60.650000
forget acc is 98.546000, cur acc is 97.892000

Epoch: 108/200
train loss is 105.000352
test acc is 79.430000, Adversarial Examples acc is 62.420000
forget acc is 98.674000, cur acc is 97.986000

Epoch: 109/200
train loss is 102.543286
test acc is 80.410000, Adversarial Examples acc is 63.730000
forget acc is 98.718000, cur acc is 98.092000

Epoch: 110/200
train loss is 105.213190
test acc is 79.630000, Adversarial Examples acc is 62.480000
forget acc is 98.580000, cur acc is 97.920000
This epoch's training time is 524.537000 s
VanillaPGD training time is 971.191567 min

Epoch: 111/200
train loss is 105.967652
test acc is 76.550000, Adversarial Examples acc is 59.520000
forget acc is 97.526000, cur acc is 96.738000

Epoch: 112/200
train loss is 105.174355
test acc is 77.850000, Adversarial Examples acc is 61.740000
forget acc is 97.948000, cur acc is 97.236000

Epoch: 113/200
train loss is 104.513166
test acc is 80.290000, Adversarial Examples acc is 63.430000
forget acc is 98.936000, cur acc is 98.334000

Epoch: 114/200
train loss is 104.100044
test acc is 78.160000, Adversarial Examples acc is 61.180000
forget acc is 98.850000, cur acc is 98.276000

Epoch: 115/200
train loss is 103.609698
test acc is 79.740000, Adversarial Examples acc is 62.960000
forget acc is 99.036000, cur acc is 98.420000
This epoch's training time is 524.957472 s

Epoch: 116/200
train loss is 105.847235
test acc is 79.950000, Adversarial Examples acc is 62.530000
forget acc is 99.042000, cur acc is 98.532000

Epoch: 117/200
train loss is 102.907915
test acc is 79.320000, Adversarial Examples acc is 63.150000
forget acc is 98.700000, cur acc is 98.060000

Epoch: 118/200
train loss is 102.620695
test acc is 79.070000, Adversarial Examples acc is 61.890000
forget acc is 98.346000, cur acc is 97.678000

Epoch: 119/200
train loss is 103.327964
