nohup: 忽略输入
Files already downloaded and verified
Files already downloaded and verified

Epoch: 1/200
train loss is 8433.012385
test acc is 10.920000, Adversarial Examples acc is 10.480000
This epoch's AE acc is better, Saving...

Epoch: 2/200
train loss is 6285.435570
test acc is 10.000000, Adversarial Examples acc is 10.000000

Epoch: 3/200
train loss is 6100.672958
test acc is 18.800000, Adversarial Examples acc is 16.340000
This epoch's AE acc is better, Saving...

Epoch: 4/200
train loss is 5934.319532
test acc is 17.910000, Adversarial Examples acc is 16.710000
This epoch's AE acc is better, Saving...

Epoch: 5/200
train loss is 5899.389865
test acc is 19.600000, Adversarial Examples acc is 16.170000

Epoch: 6/200
train loss is 5846.405071
test acc is 23.130000, Adversarial Examples acc is 19.310000
This epoch's AE acc is better, Saving...

Epoch: 7/200
train loss is 5694.368982
test acc is 28.540000, Adversarial Examples acc is 20.940000
This epoch's AE acc is better, Saving...

Epoch: 8/200
train loss is 5557.547736
test acc is 28.800000, Adversarial Examples acc is 21.660000
This epoch's AE acc is better, Saving...

Epoch: 9/200
train loss is 5378.874450
test acc is 34.580000, Adversarial Examples acc is 24.330000
This epoch's AE acc is better, Saving...

Epoch: 10/200
train loss is 5228.676631
test acc is 34.880000, Adversarial Examples acc is 24.920000
This epoch's AE acc is better, Saving...

Epoch: 11/200
train loss is 5085.128643
test acc is 37.820000, Adversarial Examples acc is 26.430000
This epoch's AE acc is better, Saving...

Epoch: 12/200
train loss is 4961.971868
test acc is 42.510000, Adversarial Examples acc is 29.110000
This epoch's AE acc is better, Saving...

Epoch: 13/200
train loss is 4827.882113
test acc is 44.640000, Adversarial Examples acc is 30.360000
This epoch's AE acc is better, Saving...

Epoch: 14/200
train loss is 4693.255901
test acc is 48.650000, Adversarial Examples acc is 32.460000
This epoch's AE acc is better, Saving...

Epoch: 15/200
train loss is 4569.855957
test acc is 47.190000, Adversarial Examples acc is 30.920000

Epoch: 16/200
train loss is 4450.442285
test acc is 50.420000, Adversarial Examples acc is 31.340000

Epoch: 17/200
train loss is 4349.923421
test acc is 49.990000, Adversarial Examples acc is 32.680000
This epoch's AE acc is better, Saving...

Epoch: 18/200
train loss is 4253.450900
test acc is 53.320000, Adversarial Examples acc is 33.690000
This epoch's AE acc is better, Saving...

Epoch: 19/200
train loss is 4149.141541
test acc is 55.550000, Adversarial Examples acc is 36.540000
This epoch's AE acc is better, Saving...

Epoch: 20/200
train loss is 4037.712664
test acc is 55.970000, Adversarial Examples acc is 35.360000

Epoch: 21/200
train loss is 3934.724132
test acc is 58.960000, Adversarial Examples acc is 35.480000

Epoch: 22/200
train loss is 3845.604554
test acc is 59.880000, Adversarial Examples acc is 37.620000
This epoch's AE acc is better, Saving...

Epoch: 23/200
train loss is 3753.795639
test acc is 63.420000, Adversarial Examples acc is 38.250000
This epoch's AE acc is better, Saving...

Epoch: 24/200
train loss is 3650.939862
test acc is 63.670000, Adversarial Examples acc is 37.670000

Epoch: 25/200
train loss is 3558.874035
test acc is 63.580000, Adversarial Examples acc is 38.580000
This epoch's AE acc is better, Saving...

Epoch: 26/200
train loss is 3464.359686
test acc is 62.800000, Adversarial Examples acc is 39.290000
This epoch's AE acc is better, Saving...

Epoch: 27/200
train loss is 3390.338387
test acc is 65.460000, Adversarial Examples acc is 39.390000
This epoch's AE acc is better, Saving...

Epoch: 28/200
train loss is 3299.227994
test acc is 66.710000, Adversarial Examples acc is 40.310000
This epoch's AE acc is better, Saving...

Epoch: 29/200
train loss is 3211.202202
test acc is 68.350000, Adversarial Examples acc is 40.510000
This epoch's AE acc is better, Saving...

Epoch: 30/200
train loss is 3111.168994
test acc is 66.930000, Adversarial Examples acc is 39.470000

Epoch: 31/200
train loss is 3021.082184
test acc is 70.220000, Adversarial Examples acc is 40.590000
This epoch's AE acc is better, Saving...

Epoch: 32/200
train loss is 2954.507520
test acc is 68.860000, Adversarial Examples acc is 42.050000
This epoch's AE acc is better, Saving...

Epoch: 33/200
train loss is 2875.652890
test acc is 69.440000, Adversarial Examples acc is 40.220000

Epoch: 34/200
train loss is 2777.715798
test acc is 70.730000, Adversarial Examples acc is 41.970000

Epoch: 35/200
train loss is 2704.453711
test acc is 70.470000, Adversarial Examples acc is 41.030000

Epoch: 36/200
train loss is 2620.694468
test acc is 69.390000, Adversarial Examples acc is 39.020000

Epoch: 37/200
train loss is 2542.286807
test acc is 71.080000, Adversarial Examples acc is 40.180000

Epoch: 38/200
train loss is 2463.166459
test acc is 72.250000, Adversarial Examples acc is 40.410000

Epoch: 39/200
train loss is 2371.776358
test acc is 72.650000, Adversarial Examples acc is 41.470000

Epoch: 40/200
train loss is 2301.229615
test acc is 71.430000, Adversarial Examples acc is 39.870000

Epoch: 41/200
train loss is 2241.070001
test acc is 71.280000, Adversarial Examples acc is 40.040000

Epoch: 42/200
train loss is 2147.724267
test acc is 72.470000, Adversarial Examples acc is 42.520000
This epoch's AE acc is better, Saving...

Epoch: 43/200
train loss is 2081.675948
test acc is 72.170000, Adversarial Examples acc is 39.820000

Epoch: 44/200
train loss is 1999.339100
test acc is 70.050000, Adversarial Examples acc is 40.070000

Epoch: 45/200
train loss is 1934.891236
test acc is 72.300000, Adversarial Examples acc is 39.840000

Epoch: 46/200
train loss is 1869.304352
test acc is 71.690000, Adversarial Examples acc is 38.870000

Epoch: 47/200
train loss is 1799.029012
test acc is 71.700000, Adversarial Examples acc is 40.180000

Epoch: 48/200
train loss is 1743.279559
test acc is 73.410000, Adversarial Examples acc is 37.750000

Epoch: 49/200
train loss is 1677.504205
test acc is 73.680000, Adversarial Examples acc is 39.300000

Epoch: 50/200
train loss is 1612.716200
test acc is 72.660000, Adversarial Examples acc is 39.420000

Epoch: 51/200
train loss is 1569.792473
test acc is 72.220000, Adversarial Examples acc is 36.200000

Epoch: 52/200
train loss is 1496.932887
test acc is 73.100000, Adversarial Examples acc is 38.920000

Epoch: 53/200
train loss is 1459.508654
test acc is 73.970000, Adversarial Examples acc is 38.500000

Epoch: 54/200
train loss is 1411.147290
test acc is 72.170000, Adversarial Examples acc is 37.560000

Epoch: 55/200
train loss is 1366.224100
test acc is 72.970000, Adversarial Examples acc is 37.430000

Epoch: 56/200
train loss is 1321.773657
test acc is 72.930000, Adversarial Examples acc is 37.490000

Epoch: 57/200
train loss is 1276.160161
test acc is 72.720000, Adversarial Examples acc is 36.830000

Epoch: 58/200
train loss is 1252.215126
test acc is 72.750000, Adversarial Examples acc is 36.490000

Epoch: 59/200
train loss is 1201.122935
test acc is 71.710000, Adversarial Examples acc is 35.970000

Epoch: 60/200
train loss is 1177.739746
test acc is 72.410000, Adversarial Examples acc is 35.640000

Epoch: 61/200
train loss is 1153.947243
test acc is 72.730000, Adversarial Examples acc is 34.340000

Epoch: 62/200
train loss is 1098.463798
test acc is 73.100000, Adversarial Examples acc is 38.220000

Epoch: 63/200
train loss is 1065.301620
test acc is 72.420000, Adversarial Examples acc is 35.020000

Epoch: 64/200
train loss is 1060.392423
test acc is 72.700000, Adversarial Examples acc is 36.800000

Epoch: 65/200
train loss is 1011.809781
test acc is 72.580000, Adversarial Examples acc is 35.270000

Epoch: 66/200
train loss is 972.273658
test acc is 72.440000, Adversarial Examples acc is 34.850000

Epoch: 67/200
train loss is 972.618513
test acc is 71.690000, Adversarial Examples acc is 35.370000

Epoch: 68/200
train loss is 939.063938
test acc is 72.700000, Adversarial Examples acc is 36.410000

Epoch: 69/200
train loss is 918.661567
test acc is 71.920000, Adversarial Examples acc is 36.650000

Epoch: 70/200
train loss is 904.416749
test acc is 70.790000, Adversarial Examples acc is 34.090000

Epoch: 71/200
train loss is 874.842470
test acc is 72.560000, Adversarial Examples acc is 36.390000

Epoch: 72/200
train loss is 847.532637
test acc is 73.390000, Adversarial Examples acc is 36.390000

Epoch: 73/200
train loss is 839.375620
test acc is 73.320000, Adversarial Examples acc is 36.310000

Epoch: 74/200
train loss is 804.926025
test acc is 72.830000, Adversarial Examples acc is 35.610000

Epoch: 75/200
train loss is 787.643602
test acc is 73.400000, Adversarial Examples acc is 35.970000

Epoch: 76/200
train loss is 792.042517
test acc is 73.490000, Adversarial Examples acc is 35.780000

Epoch: 77/200
train loss is 776.204130
test acc is 73.970000, Adversarial Examples acc is 35.100000

Epoch: 78/200
train loss is 762.853607
test acc is 73.110000, Adversarial Examples acc is 35.260000

Epoch: 79/200
train loss is 730.244335
test acc is 73.340000, Adversarial Examples acc is 36.480000

Epoch: 80/200
train loss is 728.805292
test acc is 73.020000, Adversarial Examples acc is 36.800000

Epoch: 81/200
train loss is 713.187188
test acc is 72.080000, Adversarial Examples acc is 35.990000

Epoch: 82/200
train loss is 716.034850
test acc is 72.620000, Adversarial Examples acc is 34.770000

Epoch: 83/200
train loss is 688.786070
test acc is 73.080000, Adversarial Examples acc is 35.900000

Epoch: 84/200
train loss is 671.307707
test acc is 71.940000, Adversarial Examples acc is 35.030000

Epoch: 85/200
train loss is 664.400586
test acc is 72.760000, Adversarial Examples acc is 34.750000

Epoch: 86/200
train loss is 652.322304
test acc is 73.610000, Adversarial Examples acc is 34.990000

Epoch: 87/200
train loss is 662.888849
test acc is 72.900000, Adversarial Examples acc is 37.150000

Epoch: 88/200
train loss is 625.747942
test acc is 71.800000, Adversarial Examples acc is 35.380000

Epoch: 89/200
train loss is 618.717073
test acc is 72.330000, Adversarial Examples acc is 36.410000

Epoch: 90/200
train loss is 617.335809
test acc is 72.240000, Adversarial Examples acc is 36.050000

Epoch: 91/200
train loss is 614.312708
test acc is 72.720000, Adversarial Examples acc is 36.130000

Epoch: 92/200
train loss is 607.695770
test acc is 73.360000, Adversarial Examples acc is 35.790000

Epoch: 93/200
train loss is 602.324209
test acc is 73.060000, Adversarial Examples acc is 34.670000

Epoch: 94/200
train loss is 579.989247
test acc is 72.790000, Adversarial Examples acc is 35.380000

Epoch: 95/200
train loss is 581.311548
test acc is 71.850000, Adversarial Examples acc is 35.080000

Epoch: 96/200
train loss is 577.150258
test acc is 72.120000, Adversarial Examples acc is 36.140000

Epoch: 97/200
train loss is 568.915893
test acc is 72.870000, Adversarial Examples acc is 33.880000

Epoch: 98/200
train loss is 559.828715
test acc is 71.500000, Adversarial Examples acc is 35.290000

Epoch: 99/200
train loss is 549.693225
test acc is 73.220000, Adversarial Examples acc is 34.350000

Epoch: 100/200
train loss is 554.204137
test acc is 72.950000, Adversarial Examples acc is 35.260000

Epoch: 101/200
train loss is 523.658786
test acc is 72.900000, Adversarial Examples acc is 35.020000

Epoch: 102/200
train loss is 547.495778
test acc is 72.990000, Adversarial Examples acc is 36.550000

Epoch: 103/200
train loss is 531.600735
test acc is 72.560000, Adversarial Examples acc is 34.550000

Epoch: 104/200
train loss is 531.278955
test acc is 72.190000, Adversarial Examples acc is 35.240000

Epoch: 105/200
train loss is 538.790763
test acc is 73.040000, Adversarial Examples acc is 35.660000

Epoch: 106/200
train loss is 525.034209
test acc is 72.460000, Adversarial Examples acc is 35.860000

Epoch: 107/200
train loss is 498.089032
test acc is 73.670000, Adversarial Examples acc is 35.060000

Epoch: 108/200
train loss is 512.516639
test acc is 72.890000, Adversarial Examples acc is 36.660000

Epoch: 109/200
train loss is 503.419036
test acc is 73.660000, Adversarial Examples acc is 35.380000

Epoch: 110/200
train loss is 498.747499
test acc is 73.730000, Adversarial Examples acc is 35.570000

Epoch: 111/200
train loss is 494.316053
test acc is 73.240000, Adversarial Examples acc is 36.030000

Epoch: 112/200
train loss is 491.499390
test acc is 71.400000, Adversarial Examples acc is 35.330000

Epoch: 113/200
train loss is 509.861580
test acc is 74.380000, Adversarial Examples acc is 35.600000

Epoch: 114/200
train loss is 476.711458
test acc is 71.960000, Adversarial Examples acc is 35.110000

Epoch: 115/200
train loss is 482.761367
test acc is 72.380000, Adversarial Examples acc is 34.850000

Epoch: 116/200
train loss is 468.502662
test acc is 72.490000, Adversarial Examples acc is 34.250000

Epoch: 117/200
train loss is 492.028127
test acc is 72.770000, Adversarial Examples acc is 35.530000

Epoch: 118/200
train loss is 465.557015
test acc is 72.280000, Adversarial Examples acc is 34.710000

Epoch: 119/200
train loss is 464.302450
test acc is 72.910000, Adversarial Examples acc is 35.380000

Epoch: 120/200
train loss is 463.478667
test acc is 71.310000, Adversarial Examples acc is 35.010000

Epoch: 121/200
train loss is 462.369568
test acc is 73.000000, Adversarial Examples acc is 33.730000

Epoch: 122/200
train loss is 444.604345
test acc is 72.820000, Adversarial Examples acc is 34.730000

Epoch: 123/200
train loss is 465.969422
test acc is 73.040000, Adversarial Examples acc is 35.060000

Epoch: 124/200
train loss is 461.484468
test acc is 72.360000, Adversarial Examples acc is 35.530000

Epoch: 125/200
train loss is 447.491670
test acc is 72.480000, Adversarial Examples acc is 34.450000

Epoch: 126/200
train loss is 443.190421
test acc is 71.810000, Adversarial Examples acc is 34.780000

Epoch: 127/200
train loss is 442.593598
test acc is 72.470000, Adversarial Examples acc is 33.370000

Epoch: 128/200
train loss is 452.338717
test acc is 71.700000, Adversarial Examples acc is 35.680000

Epoch: 129/200
train loss is 432.864745
test acc is 71.760000, Adversarial Examples acc is 35.510000

Epoch: 130/200
train loss is 435.631307
test acc is 72.850000, Adversarial Examples acc is 34.750000

Epoch: 131/200
train loss is 428.265709
test acc is 73.550000, Adversarial Examples acc is 34.670000

Epoch: 132/200
train loss is 440.171428
test acc is 71.630000, Adversarial Examples acc is 34.230000

Epoch: 133/200
train loss is 432.443968
test acc is 71.520000, Adversarial Examples acc is 35.110000

Epoch: 134/200
train loss is 437.614127
test acc is 72.670000, Adversarial Examples acc is 34.480000

Epoch: 135/200
train loss is 417.652773
test acc is 73.970000, Adversarial Examples acc is 35.430000

Epoch: 136/200
train loss is 427.392508
test acc is 72.150000, Adversarial Examples acc is 35.660000

Epoch: 137/200
train loss is 430.692607
test acc is 72.020000, Adversarial Examples acc is 35.410000

Epoch: 138/200
train loss is 418.406417
test acc is 72.450000, Adversarial Examples acc is 35.000000

Epoch: 139/200
train loss is 425.109148
test acc is 72.430000, Adversarial Examples acc is 35.500000

Epoch: 140/200
train loss is 409.453979
test acc is 72.300000, Adversarial Examples acc is 34.640000

Epoch: 141/200
train loss is 414.905854
test acc is 72.970000, Adversarial Examples acc is 35.420000

Epoch: 142/200
train loss is 411.467017
test acc is 72.700000, Adversarial Examples acc is 35.280000

Epoch: 143/200
train loss is 414.149075
test acc is 72.090000, Adversarial Examples acc is 34.210000

Epoch: 144/200
train loss is 404.359285
test acc is 71.350000, Adversarial Examples acc is 35.530000

Epoch: 145/200
train loss is 416.655290
test acc is 72.850000, Adversarial Examples acc is 35.650000

Epoch: 146/200
train loss is 410.976762
test acc is 71.460000, Adversarial Examples acc is 35.680000

Epoch: 147/200
train loss is 395.778886
test acc is 72.290000, Adversarial Examples acc is 34.330000

Epoch: 148/200
train loss is 412.638159
test acc is 72.730000, Adversarial Examples acc is 35.140000

Epoch: 149/200
train loss is 402.479455
test acc is 71.800000, Adversarial Examples acc is 35.330000

Epoch: 150/200
train loss is 395.712850
test acc is 72.040000, Adversarial Examples acc is 34.880000

Epoch: 151/200
train loss is 404.139631
test acc is 72.190000, Adversarial Examples acc is 35.240000

Epoch: 152/200
train loss is 391.630209
test acc is 72.430000, Adversarial Examples acc is 35.600000

Epoch: 153/200
train loss is 397.971408
test acc is 71.650000, Adversarial Examples acc is 35.040000

Epoch: 154/200
train loss is 383.051918
test acc is 72.080000, Adversarial Examples acc is 34.670000

Epoch: 155/200
train loss is 405.823159
test acc is 72.310000, Adversarial Examples acc is 36.380000

Epoch: 156/200
train loss is 400.130323
test acc is 72.160000, Adversarial Examples acc is 35.360000

Epoch: 157/200
train loss is 390.599050
test acc is 72.000000, Adversarial Examples acc is 35.460000

Epoch: 158/200
train loss is 403.442576
test acc is 72.360000, Adversarial Examples acc is 35.260000

Epoch: 159/200
train loss is 391.226966
test acc is 72.210000, Adversarial Examples acc is 36.860000

Epoch: 160/200
train loss is 382.228226
test acc is 72.320000, Adversarial Examples acc is 34.310000

Epoch: 161/200
train loss is 384.087535
test acc is 72.630000, Adversarial Examples acc is 35.370000

Epoch: 162/200
train loss is 370.238183
test acc is 71.130000, Adversarial Examples acc is 33.720000

Epoch: 163/200
train loss is 394.428656
test acc is 72.230000, Adversarial Examples acc is 34.540000

Epoch: 164/200
train loss is 381.594571
test acc is 71.380000, Adversarial Examples acc is 34.060000

Epoch: 165/200
train loss is 394.173421
test acc is 71.370000, Adversarial Examples acc is 34.000000

Epoch: 166/200
train loss is 373.109793
test acc is 71.530000, Adversarial Examples acc is 33.730000

Epoch: 167/200
train loss is 376.566694
test acc is 72.840000, Adversarial Examples acc is 35.560000

Epoch: 168/200
train loss is 384.669399
test acc is 71.800000, Adversarial Examples acc is 35.600000

Epoch: 169/200
train loss is 379.629756
test acc is 72.300000, Adversarial Examples acc is 35.400000

Epoch: 170/200
train loss is 363.503850
test acc is 72.070000, Adversarial Examples acc is 35.840000

Epoch: 171/200
train loss is 379.865012
test acc is 71.390000, Adversarial Examples acc is 33.650000

Epoch: 172/200
train loss is 375.131879
test acc is 73.520000, Adversarial Examples acc is 35.110000

Epoch: 173/200
train loss is 378.060386
test acc is 71.710000, Adversarial Examples acc is 34.720000

Epoch: 174/200
train loss is 372.004658
test acc is 71.760000, Adversarial Examples acc is 34.380000

Epoch: 175/200
train loss is 358.694425
test acc is 71.600000, Adversarial Examples acc is 33.580000

Epoch: 176/200
train loss is 372.161724
test acc is 72.130000, Adversarial Examples acc is 35.070000

Epoch: 177/200
train loss is 367.815948
test acc is 71.370000, Adversarial Examples acc is 34.150000

Epoch: 178/200
train loss is 363.533458
test acc is 72.550000, Adversarial Examples acc is 35.940000

Epoch: 179/200
train loss is 374.137448
test acc is 70.790000, Adversarial Examples acc is 34.430000

Epoch: 180/200
train loss is 372.558848
test acc is 71.610000, Adversarial Examples acc is 33.710000

Epoch: 181/200
train loss is 366.605066
test acc is 71.180000, Adversarial Examples acc is 34.310000

Epoch: 182/200
train loss is 359.211432
test acc is 71.810000, Adversarial Examples acc is 35.720000

Epoch: 183/200
train loss is 361.455314
test acc is 72.390000, Adversarial Examples acc is 35.080000

Epoch: 184/200
train loss is 358.357160
test acc is 72.420000, Adversarial Examples acc is 34.470000

Epoch: 185/200
train loss is 352.560843
test acc is 72.170000, Adversarial Examples acc is 35.090000

Epoch: 186/200
train loss is 368.050983
test acc is 70.770000, Adversarial Examples acc is 34.620000

Epoch: 187/200
train loss is 357.640914
test acc is 69.620000, Adversarial Examples acc is 32.500000

Epoch: 188/200
train loss is 366.426051
test acc is 72.190000, Adversarial Examples acc is 34.710000

Epoch: 189/200
train loss is 351.263235
test acc is 71.690000, Adversarial Examples acc is 34.770000

Epoch: 190/200
train loss is 354.409127
test acc is 71.760000, Adversarial Examples acc is 33.560000

Epoch: 191/200
train loss is 352.394641
test acc is 71.280000, Adversarial Examples acc is 32.570000

Epoch: 192/200
train loss is 358.901749
test acc is 72.010000, Adversarial Examples acc is 34.380000

Epoch: 193/200
train loss is 362.433992
test acc is 71.860000, Adversarial Examples acc is 34.030000

Epoch: 194/200
train loss is 353.143359
test acc is 70.400000, Adversarial Examples acc is 34.300000

Epoch: 195/200
train loss is 358.733736
test acc is 71.400000, Adversarial Examples acc is 34.730000

Epoch: 196/200
train loss is 349.008969
test acc is 71.220000, Adversarial Examples acc is 33.650000

Epoch: 197/200
train loss is 342.463886
test acc is 71.340000, Adversarial Examples acc is 33.410000

Epoch: 198/200
train loss is 365.882656
test acc is 72.000000, Adversarial Examples acc is 35.220000

Epoch: 199/200
train loss is 357.146134
test acc is 72.120000, Adversarial Examples acc is 33.830000

Epoch: 200/200
train loss is 341.903632
test acc is 71.360000, Adversarial Examples acc is 34.680000
VanillaPGD training time is 112545.539302
