epoch:40  eps to constrain AE:0.3  iter nums to update AE:10  learning rate of iterative attack method:0.01
atm:pgd  lambd(ratio of Feature loss to SCE loss):2  model:resnet18
epoch: 1/40, train loss: 20.582, train cost 13.01 s
test acc on clean examples (%): 96.790000
test acc on fgm examples (%): 3.190000
test acc on pgd examples (%): 4.900000
epoch: 2/40, train loss: 4.142, train cost 6.18 s
test acc on clean examples (%): 97.550000
test acc on fgm examples (%): 5.880000
test acc on pgd examples (%): 5.040000
epoch: 3/40, train loss: 2.760, train cost 6.13 s
test acc on clean examples (%): 98.940000
test acc on fgm examples (%): 5.800000
test acc on pgd examples (%): 1.950000
epoch: 4/40, train loss: 2.333, train cost 6.26 s
test acc on clean examples (%): 98.970000
test acc on fgm examples (%): 8.820000
test acc on pgd examples (%): 3.650000
epoch: 5/40, train loss: 1.957, train cost 6.26 s
test acc on clean examples (%): 99.110000
test acc on fgm examples (%): 7.170000
test acc on pgd examples (%): 0.610000
epoch: 6/40, train loss: 1.310, train cost 6.24 s
test acc on clean examples (%): 98.740000
test acc on fgm examples (%): 4.470000
test acc on pgd examples (%): 1.700000
epoch: 7/40, train loss: 0.991, train cost 10.65 s
test acc on clean examples (%): 98.920000
test acc on fgm examples (%): 6.050000
test acc on pgd examples (%): 0.180000
epoch: 8/40, train loss: 1.229, train cost 6.15 s
test acc on clean examples (%): 99.150000
test acc on fgm examples (%): 3.150000
test acc on pgd examples (%): 0.200000
epoch: 9/40, train loss: 0.943, train cost 6.19 s
test acc on clean examples (%): 99.040000
test acc on fgm examples (%): 2.380000
test acc on pgd examples (%): 0.250000
epoch: 10/40, train loss: 1.298, train cost 6.20 s
test acc on clean examples (%): 98.910000
test acc on fgm examples (%): 5.120000
test acc on pgd examples (%): 2.080000
epoch: 11/40, train loss: 0.716, train cost 6.26 s
test acc on clean examples (%): 99.370000
test acc on fgm examples (%): 7.090000
test acc on pgd examples (%): 1.360000
epoch: 12/40, train loss: 0.427, train cost 6.17 s
test acc on clean examples (%): 99.400000
test acc on fgm examples (%): 4.830000
test acc on pgd examples (%): 1.190000
epoch: 13/40, train loss: 0.535, train cost 9.43 s
test acc on clean examples (%): 99.080000
test acc on fgm examples (%): 3.670000
test acc on pgd examples (%): 1.540000
epoch: 14/40, train loss: 0.685, train cost 6.17 s
test acc on clean examples (%): 98.960000
test acc on fgm examples (%): 9.200000
test acc on pgd examples (%): 0.200000
epoch: 15/40, train loss: 0.872, train cost 6.27 s
test acc on clean examples (%): 99.060000
test acc on fgm examples (%): 7.630000
test acc on pgd examples (%): 1.530000
epoch: 16/40, train loss: 0.466, train cost 6.22 s
test acc on clean examples (%): 99.050000
test acc on fgm examples (%): 10.150000
test acc on pgd examples (%): 1.930000
epoch: 17/40, train loss: 0.330, train cost 6.22 s
test acc on clean examples (%): 99.480000
test acc on fgm examples (%): 11.230000
test acc on pgd examples (%): 1.450000
epoch: 18/40, train loss: 0.305, train cost 6.16 s
test acc on clean examples (%): 99.200000
test acc on fgm examples (%): 6.730000
test acc on pgd examples (%): 1.010000
epoch: 19/40, train loss: 0.242, train cost 9.25 s
test acc on clean examples (%): 99.280000
test acc on fgm examples (%): 9.450000
test acc on pgd examples (%): 2.510000
epoch: 20/40, train loss: 0.384, train cost 6.14 s
test acc on clean examples (%): 98.590000
test acc on fgm examples (%): 12.150000
test acc on pgd examples (%): 1.660000
epoch: 21/40, train loss: 1.945, train cost 6.20 s
test acc on clean examples (%): 98.770000
test acc on fgm examples (%): 15.360000
test acc on pgd examples (%): 1.060000
epoch: 22/40, train loss: 0.765, train cost 6.27 s
test acc on clean examples (%): 99.540000
test acc on fgm examples (%): 5.260000
test acc on pgd examples (%): 1.410000
epoch: 23/40, train loss: 0.092, train cost 6.23 s
test acc on clean examples (%): 99.540000
test acc on fgm examples (%): 3.660000
test acc on pgd examples (%): 2.450000
epoch: 24/40, train loss: 0.048, train cost 6.26 s
test acc on clean examples (%): 99.570000
test acc on fgm examples (%): 6.640000
test acc on pgd examples (%): 2.230000
epoch: 25/40, train loss: 0.046, train cost 7.86 s
test acc on clean examples (%): 99.540000
test acc on fgm examples (%): 5.950000
test acc on pgd examples (%): 2.220000
epoch: 26/40, train loss: 0.011, train cost 6.37 s
test acc on clean examples (%): 99.590000
test acc on fgm examples (%): 6.790000
test acc on pgd examples (%): 1.980000
epoch: 27/40, train loss: 0.005, train cost 6.23 s
test acc on clean examples (%): 99.560000
test acc on fgm examples (%): 6.610000
test acc on pgd examples (%): 1.980000
epoch: 28/40, train loss: 0.004, train cost 6.29 s
test acc on clean examples (%): 99.540000
test acc on fgm examples (%): 6.560000
test acc on pgd examples (%): 2.570000
epoch: 29/40, train loss: 0.003, train cost 6.12 s
test acc on clean examples (%): 99.570000
test acc on fgm examples (%): 6.840000
test acc on pgd examples (%): 2.530000
epoch: 30/40, train loss: 0.002, train cost 6.19 s
test acc on clean examples (%): 99.550000
test acc on fgm examples (%): 6.790000
test acc on pgd examples (%): 2.320000
train feature scatter diagram save dir:figures/train_SCE_eps40.jpg
test feature scatter diagram save dir:figures/test_feature_distribute.jpg
Feature get!
generating t-SNE plot...
done!
Feature get!
generating t-SNE plot...
done!
total cost 1017.37 s
